\BOOKMARK [0][-]{chapter.1}{\376\377\000O\000V\000E\000R\000V\000I\000E\000W}{}% 1
\BOOKMARK [1][-]{section.1.1}{\376\377\000A\000B\000S\000T\000R\000A\000C\000T}{chapter.1}% 2
\BOOKMARK [0][-]{chapter.2}{\376\377\000H\000O\000W\000\040\000D\000O\000E\000S\000\040\000I\000T\000\040\000W\000O\000R\000K\000?}{}% 3
\BOOKMARK [1][-]{section.2.1}{\376\377\000R\000e\000s\000e\000r\000v\000e\000d\000\040\000P\000i\000n\000s\000\040\000\046\000\040\000G\000P\000I\000O\000s}{chapter.2}% 4
\BOOKMARK [2][-]{subsection.2.1.1}{\376\377\000x\000-\000\040\000a\000n\000d\000\040\000y\000-\000\040\000a\000x\000i\000s}{section.2.1}% 5
\BOOKMARK [2][-]{subsection.2.1.2}{\376\377\000D\000i\000r\000e\000c\000t\000i\000o\000n\000\040\000a\000n\000d\000\040\000S\000p\000e\000e\000d}{section.2.1}% 6
\BOOKMARK [1][-]{section.2.2}{\376\377\000F\000u\000s\000i\000o\000n\000\040\000o\000f\000\040\000S\000o\000f\000t\000w\000a\000r\000e\000\040\000w\000i\000t\000h\000\040\000H\000a\000r\000d\000w\000a\000r\000e}{chapter.2}% 7
\BOOKMARK [1][-]{section.2.3}{\376\377\000S\000c\000h\000e\000m\000a\000t\000i\000c}{chapter.2}% 8
\BOOKMARK [0][-]{chapter.3}{\376\377\000D\000A\000T\000A\000\040\000S\000T\000R\000U\000C\000T\000S}{}% 9
\BOOKMARK [1][-]{section.3.1}{\376\377\000D\000a\000t\000a\000\040\000P\000a\000y\000l\000o\000a\000d}{chapter.3}% 10
\BOOKMARK [2][-]{subsection.3.1.1}{\376\377\000W\000h\000y\000\040\000u\000s\000e\000\040\000\137\000\137\000a\000t\000t\000r\000i\000b\000u\000t\000e\000\050\000\050\000p\000a\000c\000k\000e\000d\000\051\000\051\000?}{section.3.1}% 11
\BOOKMARK [0][-]{chapter.4}{\376\377\000T\000R\000A\000N\000S\000M\000I\000T\000T\000E\000R}{}% 12
\BOOKMARK [1][-]{section.4.1}{\376\377\000C\000o\000n\000f\000i\000g\000u\000r\000a\000t\000i\000o\000n\000\040\000V\000a\000r\000i\000a\000b\000l\000e\000s}{chapter.4}% 13
\BOOKMARK [1][-]{section.4.2}{\376\377\000R\000e\000a\000d\000i\000n\000g\000\040\000J\000o\000y\000s\000t\000i\000c\000k\000\040\000x\000-\000\040\000a\000n\000d\000\040\000y\000-\000\040\000A\000x\000i\000s\000\040\000V\000a\000l\000u\000e\000s}{chapter.4}% 14
\BOOKMARK [1][-]{section.4.3}{\376\377\000S\000e\000n\000d\000i\000n\000g\000\040\000\046\000\040\000E\000c\000a\000p\000s\000u\000l\000a\000t\000i\000n\000g\000\040\000D\000a\000t\000a}{chapter.4}% 15
\BOOKMARK [1][-]{section.4.4}{\376\377\000M\000a\000i\000n\000\040\000F\000u\000n\000c\000t\000i\000o\000n}{chapter.4}% 16
\BOOKMARK [0][-]{chapter.5}{\376\377\000R\000E\000C\000E\000I\000V\000E\000R}{}% 17
\BOOKMARK [1][-]{section.5.1}{\376\377\000C\000o\000n\000f\000i\000g\000u\000r\000a\000t\000i\000o\000n\000\040\000V\000a\000r\000i\000a\000b\000l\000e\000s}{chapter.5}% 18
\BOOKMARK [1][-]{section.5.2}{\376\377\000R\000e\000c\000e\000i\000v\000i\000n\000g\000\040\000\046\000\040\000E\000x\000t\000r\000a\000c\000t\000i\000n\000g\000\040\000D\000a\000t\000a}{chapter.5}% 19
\BOOKMARK [1][-]{section.5.3}{\376\377\000M\000a\000i\000n\000\040\000F\000u\000n\000c\000t\000i\000o\000n}{chapter.5}% 20
\BOOKMARK [0][-]{chapter.6}{\376\377\000W\000O\000R\000K\000-\000I\000N\000-\000P\000R\000O\000G\000R\000E\000S\000S\000\040\000W\000A\000L\000K\000\040\000T\000H\000R\000O\000U\000G\000H}{}% 21
\BOOKMARK [1][-]{section.6.1}{\376\377\000F\000i\000n\000i\000s\000h\000e\000d\000\040\000W\000o\000r\000k}{chapter.6}% 22
\BOOKMARK [1][-]{section.6.2}{\376\377\000C\000h\000a\000s\000s\000i\000s}{chapter.6}% 23
\BOOKMARK [1][-]{section.6.3}{\376\377\000W\000i\000r\000i\000n\000g}{chapter.6}% 24
\BOOKMARK [1][-]{section.6.4}{\376\377\000M\000o\000t\000o\000r\000\040\000W\000i\000r\000e\000s\000\040\000H\000a\000r\000n\000e\000s\000s}{chapter.6}% 25
\BOOKMARK [0][-]{chapter.7}{\376\377\000R\000E\000F\000E\000R\000E\000N\000C\000E\000S}{}% 26
\BOOKMARK [1][-]{section.7.1}{\376\377\000G\000i\000t\000H\000u\000b}{chapter.7}% 27
